Mon Apr  8 17:18:18 2024 - Solicitud recibida del cliente
Request:

Response:

Mon Apr  8 17:18:23 2024 - Respuesta enviada al cliente
Request:

Response:

Mon Apr  8 17:48:16 2024 - Solicitud recibida del cliente
Request:

Response:

Mon Apr  8 17:48:21 2024 - Respuesta enviada al cliente
Request:

Response:

Mon Apr  8 18:25:28 2024 - Solicitud recibida del cliente
Request:

Response:

Mon Apr  8 18:25:33 2024 - Respuesta enviada al cliente
Request:

Response:

Mon Apr  8 18:30:41 2024 - Solicitud recibida del cliente
Request:

Response:

Mon Apr  8 18:30:46 2024 - Respuesta enviada al cliente
Request:

Response:

Mon Apr  8 18:31:26 2024 - Solicitud recibida del cliente
Request:

Response:

Mon Apr  8 18:31:31 2024 - Respuesta enviada al cliente
Request:

Response:

Mon Apr  8 19:04:07 2024 - Respuesta enviada al cliente
Request:

Response:

Mon Apr  8 19:08:45 2024 - Respuesta enviada al cliente desde caché
Request:

Response:

Mon Apr  8 19:10:32 2024 - Respuesta enviada al cliente
Request:

Response:

Mon Apr  8 19:11:26 2024 - Respuesta enviada al cliente
Request:

Response:

Mon Apr  8 19:16:47 2024 - Respuesta enviada al cliente
Request:

Response:

Wed Apr 10 16:54:34 2024 - Respuesta enviada al cliente
Request:

Response:

